mode: atomic
github.com/containers/libpod/test/e2e/pod_pod_namespaces.go:14.46,21.20 2 3
github.com/containers/libpod/test/e2e/pod_pod_namespaces.go:32.2,32.19 1 3
github.com/containers/libpod/test/e2e/pod_pod_namespaces.go:39.2,39.53 1 3
github.com/containers/libpod/test/e2e/pod_pod_namespaces.go:66.2,66.52 1 3
github.com/containers/libpod/test/e2e/pod_pod_namespaces.go:21.20,23.17 2 6
github.com/containers/libpod/test/e2e/pod_pod_namespaces.go:26.3,29.36 4 6
github.com/containers/libpod/test/e2e/pod_pod_namespaces.go:23.17,25.4 1 0
github.com/containers/libpod/test/e2e/pod_pod_namespaces.go:32.19,37.3 3 6
github.com/containers/libpod/test/e2e/pod_pod_namespaces.go:39.53,64.3 20 3
github.com/containers/libpod/test/e2e/pod_pod_namespaces.go:66.52,91.3 20 3